        -:    0:Source:test-cases.c
        -:    0:Graph:test-cases.gcno
        -:    0:Data:test-cases.gcda
        -:    0:Runs:2
        -:    0:Programs:1
        -:    1:
        -:    2:/*
        -:    3:g++ --coverage -o executables/test-run test-cases.c test.c -lboost_unit_test_framework
        -:    4:./executables/test-run --log_level=all --output_format=XML >test-results/ctest_results.xml
        -:    5:gcov test-cases.c
        -:    6:mv *.gcov gcov/
        -:    7:mv *.gcda gcov/
        -:    8:mv *.gcno gcov/
        -:    9:lcov --directory ./gcov/ --capture --output-file lcov/testout
        -:   10:genhtml lcov/testout --output-directory html
        -:   11:*/
        -:   12:
        -:   13:
        -:   14:#define BOOST_TEST_DYN_LINK
        -:   15:#define BOOST_TEST_MODULE HelloC
        -:   16:#include <boost/test/unit_test.hpp>
        -:   17:#include "Header_Test.h"
        -:   18://#define BOOST_TEST_DYN_LINK
        -:   19://#define BOOST_TEST_MODULE HelloC
        -:   20:
        6:   21:BOOST_AUTO_TEST_CASE(subtractTest){
        2:   22:	BOOST_CHECK(subtract(3,3)==0);
        2:   23:}
        -:   24:
        6:   25:BOOST_AUTO_TEST_CASE(call_subtractTest){
        2:   26:	BOOST_CHECK(call_subtract()==-1);
        2:   27:}
        -:   28:
        6:   29:BOOST_AUTO_TEST_CASE(conditionalTest){
        2:   30:	printf("Running Conditional Tests...\n");
        2:   31:	BOOST_CHECK(conditional(1)==1);
        2:   32:	BOOST_CHECK(conditional(0)==1);
        2:   33:	BOOST_CHECK(conditional(10)==0);
        2:   34:}
        -:   35:
        2:   36:BOOST_AUTO_TEST_SUITE(OtherTests)
        6:   37:BOOST_AUTO_TEST_CASE(thisTest){
        2:   38:	float f=981;
        2:   39:	float m=100;
        2:   40:	float a=9.81;
        2:   41:	BOOST_CHECK(f==round(m*a));
        2:   42:	printf("%f\n",(float)m*a); //this is 981.000061 - there is corruption
        2:   43:}
        6:   44:BOOST_AUTO_TEST_SUITE_END()
