        -:    0:Source:test-cases.c
        -:    0:Graph:test-cases.gcno
        -:    0:Data:test-cases.gcda
        -:    0:Runs:2
        -:    0:Programs:1
        -:    1:
        -:    2:/*
        -:    3:g++ --coverage -o executables/test-run test-cases.c test.c -lboost_unit_test_framework
        -:    4:./executables/test-run --log_level=all --output_format=XML >test-results/ctest_results.xml
        -:    5:gcov test-cases.c
        -:    6:mv *.gcov gcov/
        -:    7:mv *.gcda gcov/
        -:    8:mv *.gcno gcov/
        -:    9:lcov --directory ./gcov/ --capture --output-file lcov/testout
        -:   10:genhtml lcov/testout --output-directory html
        -:   11:*/
        -:   12:
        -:   13:
        -:   14:#define BOOST_TEST_DYN_LINK
        -:   15:#define BOOST_TEST_MODULE NewC
        -:   16:#include <boost/test/unit_test.hpp>
        -:   17:#include "Header_Test.h"
        -:   18:
        -:   19:
        6:   20:BOOST_AUTO_TEST_CASE(subtractTest){
        2:   21:	BOOST_CHECK(subtract(3,3)==0);
        2:   22:}
        -:   23:
        6:   24:BOOST_AUTO_TEST_CASE(call_subtractTest){
        2:   25:	BOOST_CHECK(call_subtract()==-1);
        2:   26:}
        -:   27:
        6:   28:BOOST_AUTO_TEST_CASE(conditionalTest){
        2:   29:	printf("Running Conditional Tests...\n");
        2:   30:	BOOST_CHECK(conditional(1)==1);
        2:   31:	BOOST_CHECK(conditional(0)==1);
        2:   32:	BOOST_CHECK(conditional(10)==0);
        2:   33:	BOOST_CHECK(conditional(-10)==0);
        2:   34:}
        -:   35:
        6:   36:BOOST_AUTO_TEST_CASE(newFunctionTest){
        2:   37:	BOOST_CHECK(func()==24);
        2:   38:}
        -:   39:
        -:   40:
        2:   41:BOOST_AUTO_TEST_SUITE(OtherTests)
        6:   42:BOOST_AUTO_TEST_CASE(thisTest){
        2:   43:	float f=981;
        2:   44:	float m=100;
        2:   45:	float a=9.81;
        2:   46:	BOOST_CHECK(f==round(m*a));
        2:   47:	printf("%f\n",(float)m*a); //this is 981.000061 - there is corruption
        2:   48:}
        6:   49:BOOST_AUTO_TEST_SUITE_END()
